mkdir -p bin
cd build && cmake -Wdev -DCMAKE_TOOLCHAIN_FILE=/opt/ros/jade/share/ros/core/rosbuild/rostoolchain.cmake  ..
-- Using CATKIN_DEVEL_PREFIX: /home/robocup/falcons/code/packages/teamplay/build/devel
-- Using CMAKE_PREFIX_PATH: /opt/ros/jade
-- This workspace overlays: /opt/ros/jade
-- Using PYTHON_EXECUTABLE: /usr/bin/python
-- Using Debian Python package layout
-- Using empy: /usr/bin/empy
-- Using CATKIN_ENABLE_TESTING: ON
-- Skip enable_testing() for dry packages
-- Using CATKIN_TEST_RESULTS_DIR: /home/robocup/falcons/code/packages/teamplay/build/test_results
-- Found gtest sources under '/home/robocup/falcons/code/packages/facilities/gmock/src/gtest': gtests will be built
-- Using Python nosetests: /usr/bin/nosetests-2.7
-- catkin 0.6.16
-- Using these message generators: gencpp;geneus;genlisp;genpy
-- Configuring done
-- Generating done
-- Build files have been written to: /home/robocup/falcons/code/packages/teamplay/build
cd build && make 
make[1]: Entering directory `/home/robocup/falcons/code/packages/teamplay/build'
make[2]: Entering directory `/home/robocup/falcons/code/packages/teamplay/build'
make[3]: Entering directory `/home/robocup/falcons/code/packages/teamplay/build'
make[3]: Leaving directory `/home/robocup/falcons/code/packages/teamplay/build'
[  0%] Built target rospack_genmsg_libexe
make[3]: Entering directory `/home/robocup/falcons/code/packages/teamplay/build'
make[3]: Leaving directory `/home/robocup/falcons/code/packages/teamplay/build'
[  0%] Built target rosbuild_premsgsrvgen
make[3]: Entering directory `/home/robocup/falcons/code/packages/teamplay/build'
make[3]: Leaving directory `/home/robocup/falcons/code/packages/teamplay/build'
[  9%] Built target ROSBUILD_gensrv_py
make[3]: Entering directory `/home/robocup/falcons/code/packages/teamplay/build'
make[3]: Leaving directory `/home/robocup/falcons/code/packages/teamplay/build'
[ 17%] Built target ROSBUILD_gensrv_lisp
make[3]: Entering directory `/home/robocup/falcons/code/packages/teamplay/build'
make[3]: Leaving directory `/home/robocup/falcons/code/packages/teamplay/build'
[ 24%] Built target ROSBUILD_gensrv_cpp
make[3]: Entering directory `/home/robocup/falcons/code/packages/teamplay/build'
make[3]: Leaving directory `/home/robocup/falcons/code/packages/teamplay/build'
[ 24%] Built target rospack_gensrv
make[3]: Entering directory `/home/robocup/falcons/code/packages/teamplay/build'
make[3]: Leaving directory `/home/robocup/falcons/code/packages/teamplay/build'
[ 24%] Built target rosbuild_precompile
make[3]: Entering directory `/home/robocup/falcons/code/packages/teamplay/build'
make[3]: Leaving directory `/home/robocup/falcons/code/packages/teamplay/build'
[ 25%] Built target pathPlanningInterface
make[3]: Entering directory `/home/robocup/falcons/code/packages/teamplay/build'
make[3]: Leaving directory `/home/robocup/falcons/code/packages/teamplay/build'
[ 29%] Built target actions
make[3]: Entering directory `/home/robocup/falcons/code/packages/teamplay/build'
make[3]: Leaving directory `/home/robocup/falcons/code/packages/teamplay/build'
[ 30%] Built target objectPath
make[3]: Entering directory `/home/robocup/falcons/code/packages/teamplay/build'
make[3]: Leaving directory `/home/robocup/falcons/code/packages/teamplay/build'
[ 31%] Built target worldModelInterface
make[3]: Entering directory `/home/robocup/falcons/code/packages/teamplay/build'
make[3]: Leaving directory `/home/robocup/falcons/code/packages/teamplay/build'
[ 32%] Built target worldStateFunctions
make[3]: Entering directory `/home/robocup/falcons/code/packages/teamplay/build'
make[3]: Leaving directory `/home/robocup/falcons/code/packages/teamplay/build'
[ 37%] Built target rules
make[3]: Entering directory `/home/robocup/falcons/code/packages/teamplay/build'
make[3]: Leaving directory `/home/robocup/falcons/code/packages/teamplay/build'
[ 54%] Built target behaviours
make[3]: Entering directory `/home/robocup/falcons/code/packages/teamplay/build'
make[3]: Leaving directory `/home/robocup/falcons/code/packages/teamplay/build'
[ 55%] Built target gameStateManager
make[3]: Entering directory `/home/robocup/falcons/code/packages/teamplay/build'
make[3]: Leaving directory `/home/robocup/falcons/code/packages/teamplay/build'
[ 89%] Built target roles
make[3]: Entering directory `/home/robocup/falcons/code/packages/teamplay/build'
make[3]: Leaving directory `/home/robocup/falcons/code/packages/teamplay/build'
[ 90%] Built target roleManager
make[3]: Entering directory `/home/robocup/falcons/code/packages/teamplay/build'
make[3]: Leaving directory `/home/robocup/falcons/code/packages/teamplay/build'
[ 91%] Built target rosAdapterShootPlanning
make[3]: Entering directory `/home/robocup/falcons/code/packages/teamplay/build'
make[3]: Leaving directory `/home/robocup/falcons/code/packages/teamplay/build'
[ 93%] Built target rosAdapterTeamplay
make[3]: Entering directory `/home/robocup/falcons/code/packages/teamplay/build'
make[3]: Leaving directory `/home/robocup/falcons/code/packages/teamplay/build'
[ 94%] Built target rosAdapterWorldModel
make[3]: Entering directory `/home/robocup/falcons/code/packages/teamplay/build'
make[3]: Leaving directory `/home/robocup/falcons/code/packages/teamplay/build'
[ 94%] Built target rospack_gensrv_all
make[3]: Entering directory `/home/robocup/falcons/code/packages/teamplay/build'
make[3]: Leaving directory `/home/robocup/falcons/code/packages/teamplay/build'
[ 95%] Built target shootPlanningInterface
make[3]: Entering directory `/home/robocup/falcons/code/packages/teamplay/build'
make[3]: Leaving directory `/home/robocup/falcons/code/packages/teamplay/build'
[ 96%] Built target teammateInterface
make[3]: Entering directory `/home/robocup/falcons/code/packages/teamplay/build'
make[3]: Leaving directory `/home/robocup/falcons/code/packages/teamplay/build'
[ 97%] Built target teamplayControlInterface
make[3]: Entering directory `/home/robocup/falcons/code/packages/teamplay/build'
make[3]: Leaving directory `/home/robocup/falcons/code/packages/teamplay/build'
[ 98%] Built target udpAdapterRefboxSignals
make[3]: Entering directory `/home/robocup/falcons/code/packages/teamplay/build'
make[3]: Leaving directory `/home/robocup/falcons/code/packages/teamplay/build'
[100%] Built target teamplay_main
make[2]: Leaving directory `/home/robocup/falcons/code/packages/teamplay/build'
make[1]: Leaving directory `/home/robocup/falcons/code/packages/teamplay/build'
if cd build && make -k test; then make test-results; else make test-results && exit 1; fi
make[1]: Entering directory `/home/robocup/falcons/code/packages/teamplay/build'
make[2]: Entering directory `/home/robocup/falcons/code/packages/teamplay/build'
make[3]: Entering directory `/home/robocup/falcons/code/packages/teamplay/build'
make[4]: Entering directory `/home/robocup/falcons/code/packages/teamplay/build'
make[4]: Leaving directory `/home/robocup/falcons/code/packages/teamplay/build'
[  0%] Built target rospack_genmsg_libexe
make[4]: Entering directory `/home/robocup/falcons/code/packages/teamplay/build'
make[4]: Leaving directory `/home/robocup/falcons/code/packages/teamplay/build'
[  0%] Built target rosbuild_premsgsrvgen
make[4]: Entering directory `/home/robocup/falcons/code/packages/teamplay/build'
make[4]: Leaving directory `/home/robocup/falcons/code/packages/teamplay/build'
[  8%] Built target ROSBUILD_gensrv_py
make[4]: Entering directory `/home/robocup/falcons/code/packages/teamplay/build'
make[4]: Leaving directory `/home/robocup/falcons/code/packages/teamplay/build'
[ 15%] Built target ROSBUILD_gensrv_lisp
make[4]: Entering directory `/home/robocup/falcons/code/packages/teamplay/build'
make[4]: Leaving directory `/home/robocup/falcons/code/packages/teamplay/build'
[ 21%] Built target ROSBUILD_gensrv_cpp
make[4]: Entering directory `/home/robocup/falcons/code/packages/teamplay/build'
make[4]: Leaving directory `/home/robocup/falcons/code/packages/teamplay/build'
[ 21%] Built target rospack_gensrv
make[4]: Entering directory `/home/robocup/falcons/code/packages/teamplay/build'
make[4]: Leaving directory `/home/robocup/falcons/code/packages/teamplay/build'
[ 21%] Built target rosbuild_precompile
make[4]: Entering directory `/home/robocup/falcons/code/packages/teamplay/build'
make[4]: Leaving directory `/home/robocup/falcons/code/packages/teamplay/build'
[ 22%] Built target objectPath
make[4]: Entering directory `/home/robocup/falcons/code/packages/teamplay/build'
make[4]: Leaving directory `/home/robocup/falcons/code/packages/teamplay/build'
[ 22%] Built target ROSBUILD_genmsg_lisp
make[4]: Entering directory `/home/robocup/falcons/code/packages/teamplay/build'
make[4]: Leaving directory `/home/robocup/falcons/code/packages/teamplay/build'
[ 22%] Built target ROSBUILD_genmsg_cpp
make[4]: Entering directory `/home/robocup/falcons/code/packages/teamplay/build'
make[4]: Leaving directory `/home/robocup/falcons/code/packages/teamplay/build'
[ 22%] Built target rospack_genmsg
make[4]: Entering directory `/home/robocup/falcons/code/packages/teamplay/build'
make[4]: Leaving directory `/home/robocup/falcons/code/packages/teamplay/build'
[ 23%] Built target gtest
make[4]: Entering directory `/home/robocup/falcons/code/packages/teamplay/build'
make[4]: Leaving directory `/home/robocup/falcons/code/packages/teamplay/build'
[ 24%] Built target gtest_main
make[4]: Entering directory `/home/robocup/falcons/code/packages/teamplay/build'
make[4]: Leaving directory `/home/robocup/falcons/code/packages/teamplay/build'
[ 25%] Built target cObjectPathTest
make[4]: Entering directory `/home/robocup/falcons/code/packages/teamplay/build'
make[4]: Leaving directory `/home/robocup/falcons/code/packages/teamplay/build'
make[4]: Entering directory `/home/robocup/falcons/code/packages/teamplay/build'
make[4]: Leaving directory `/home/robocup/falcons/code/packages/teamplay/build'
[ 25%] Built target rosbuild_clean-test-results
make[4]: Entering directory `/home/robocup/falcons/code/packages/teamplay/build'
make[4]: Leaving directory `/home/robocup/falcons/code/packages/teamplay/build'
[ 26%] Built target worldModelInterface
make[4]: Entering directory `/home/robocup/falcons/code/packages/teamplay/build'
make[4]: Leaving directory `/home/robocup/falcons/code/packages/teamplay/build'
[ 27%] Built target worldStateFunctions
make[4]: Entering directory `/home/robocup/falcons/code/packages/teamplay/build'
make[4]: Leaving directory `/home/robocup/falcons/code/packages/teamplay/build'
[ 27%] Built target cWorldStateFunctionsTest
make[4]: Entering directory `/home/robocup/falcons/code/packages/teamplay/build'
make[4]: Leaving directory `/home/robocup/falcons/code/packages/teamplay/build'
[ 28%] Built target pathPlanningInterface
make[4]: Entering directory `/home/robocup/falcons/code/packages/teamplay/build'
make[4]: Leaving directory `/home/robocup/falcons/code/packages/teamplay/build'
[ 31%] Built target actions
make[4]: Entering directory `/home/robocup/falcons/code/packages/teamplay/build'
make[4]: Leaving directory `/home/robocup/falcons/code/packages/teamplay/build'
[ 36%] Built target rules
make[4]: Entering directory `/home/robocup/falcons/code/packages/teamplay/build'
make[4]: Leaving directory `/home/robocup/falcons/code/packages/teamplay/build'
[ 51%] Built target behaviours
make[4]: Entering directory `/home/robocup/falcons/code/packages/teamplay/build'
make[4]: Leaving directory `/home/robocup/falcons/code/packages/teamplay/build'
[ 52%] Built target cBehaviourDefendLeftTest
make[4]: Entering directory `/home/robocup/falcons/code/packages/teamplay/build'
make[4]: Leaving directory `/home/robocup/falcons/code/packages/teamplay/build'
[ 53%] Built target cBehaviourGoalkeeperTest
make[4]: Entering directory `/home/robocup/falcons/code/packages/teamplay/build'
make[4]: Leaving directory `/home/robocup/falcons/code/packages/teamplay/build'
[ 54%] Built target cBehaviourGoToBallTest
make[4]: Entering directory `/home/robocup/falcons/code/packages/teamplay/build'
make[4]: Leaving directory `/home/robocup/falcons/code/packages/teamplay/build'
[ 55%] Built target cBehaviourReceivePassTest
make[4]: Entering directory `/home/robocup/falcons/code/packages/teamplay/build'
make[4]: Leaving directory `/home/robocup/falcons/code/packages/teamplay/build'
[ 56%] Built target actionMoveTest
make[4]: Entering directory `/home/robocup/falcons/code/packages/teamplay/build'
make[4]: Leaving directory `/home/robocup/falcons/code/packages/teamplay/build'
[ 57%] Built target pathPlanningInterfaceTest
make[4]: Entering directory `/home/robocup/falcons/code/packages/teamplay/build'
make[4]: Leaving directory `/home/robocup/falcons/code/packages/teamplay/build'
[ 58%] Built target rosAdapterTeamplay
make[4]: Entering directory `/home/robocup/falcons/code/packages/teamplay/build'
make[4]: Leaving directory `/home/robocup/falcons/code/packages/teamplay/build'
[ 59%] Built target teamplayControlInterface
make[4]: Entering directory `/home/robocup/falcons/code/packages/teamplay/build'
make[4]: Leaving directory `/home/robocup/falcons/code/packages/teamplay/build'
[ 60%] Built target cRosAdapterTeamplayTest
make[4]: Entering directory `/home/robocup/falcons/code/packages/teamplay/build'
make[4]: Leaving directory `/home/robocup/falcons/code/packages/teamplay/build'
[ 61%] Built target rosAdapterShootPlanning
make[4]: Entering directory `/home/robocup/falcons/code/packages/teamplay/build'
make[4]: Leaving directory `/home/robocup/falcons/code/packages/teamplay/build'
[ 62%] Built target shootPlanningInterface
make[4]: Entering directory `/home/robocup/falcons/code/packages/teamplay/build'
make[4]: Leaving directory `/home/robocup/falcons/code/packages/teamplay/build'
[ 63%] Built target cShootPlanningInterfaceTest
make[4]: Entering directory `/home/robocup/falcons/code/packages/teamplay/build'
make[4]: Leaving directory `/home/robocup/falcons/code/packages/teamplay/build'
[ 64%] Built target rosAdapterWorldModel
make[4]: Entering directory `/home/robocup/falcons/code/packages/teamplay/build'
make[4]: Leaving directory `/home/robocup/falcons/code/packages/teamplay/build'
[ 65%] Built target cWorldModelInterfaceTest
make[4]: Entering directory `/home/robocup/falcons/code/packages/teamplay/build'
make[4]: Leaving directory `/home/robocup/falcons/code/packages/teamplay/build'
[ 67%] Built target gameStateManager
make[4]: Entering directory `/home/robocup/falcons/code/packages/teamplay/build'
make[4]: Leaving directory `/home/robocup/falcons/code/packages/teamplay/build'
[ 68%] Built target cGameStateManagerTest
make[4]: Entering directory `/home/robocup/falcons/code/packages/teamplay/build'
make[4]: Leaving directory `/home/robocup/falcons/code/packages/teamplay/build'
[ 97%] Built target roles
make[4]: Entering directory `/home/robocup/falcons/code/packages/teamplay/build'
make[4]: Leaving directory `/home/robocup/falcons/code/packages/teamplay/build'
[ 98%] Built target roleManager
make[4]: Entering directory `/home/robocup/falcons/code/packages/teamplay/build'
make[4]: Leaving directory `/home/robocup/falcons/code/packages/teamplay/build'
[100%] Built target cRoleManagerTest
make[4]: Entering directory `/home/robocup/falcons/code/packages/teamplay/build'
make[4]: Leaving directory `/home/robocup/falcons/code/packages/teamplay/build'
[100%] Built target tests
make[4]: Entering directory `/home/robocup/falcons/code/packages/teamplay/build'
make[4]: Leaving directory `/home/robocup/falcons/code/packages/teamplay/build'
make[4]: Entering directory `/home/robocup/falcons/code/packages/teamplay/build'
[==========] Running 4 tests from 1 test case.
[----------] Global test environment set-up.
[----------] 4 tests from objectPath
[ RUN      ] objectPath.ballLineIntersect1
[       OK ] objectPath.ballLineIntersect1 (0 ms)
[ RUN      ] objectPath.ballLineIntersect2
[       OK ] objectPath.ballLineIntersect2 (0 ms)
[ RUN      ] objectPath.ballLineIntercept1
[       OK ] objectPath.ballLineIntercept1 (0 ms)
[ RUN      ] objectPath.ballLineIntercept2
[       OK ] objectPath.ballLineIntercept2 (0 ms)
[----------] 4 tests from objectPath (0 ms total)

[----------] Global test environment tear-down
[==========] 4 tests from 1 test case ran. (0 ms total)
[  PASSED  ] 4 tests.
[ROSUNIT] Outputting test results to /home/robocup/.ros/test_results/teamplay/rostest-cObjectPathTest.xml
runTest ... ok
[ROSUNIT]-----------------------------------------------------------------------

[teamplay.rosunit-cObjectPathTest/ballLineIntersect1][passed]
[teamplay.rosunit-cObjectPathTest/ballLineIntersect2][passed]
[teamplay.rosunit-cObjectPathTest/ballLineIntercept1][passed]
[teamplay.rosunit-cObjectPathTest/ballLineIntercept2][passed]

SUMMARY
[32m * RESULT: SUCCESS[0m
 * TESTS: 4
 * ERRORS: 0
 * FAILURES: 0

make[4]: Leaving directory `/home/robocup/falcons/code/packages/teamplay/build'
[100%] Built target test_cObjectPathTest
make[4]: Entering directory `/home/robocup/falcons/code/packages/teamplay/build'
make[4]: Leaving directory `/home/robocup/falcons/code/packages/teamplay/build'
make[4]: Entering directory `/home/robocup/falcons/code/packages/teamplay/build'
[==========] Running 28 tests from 11 test cases.
[----------] Global test environment set-up.
[----------] 5 tests from TestSuiteWorldStateFunctionsHaveBall
[ RUN      ] TestSuiteWorldStateFunctionsHaveBall.haveBallTrue01
[       OK ] TestSuiteWorldStateFunctionsHaveBall.haveBallTrue01 (0 ms)
[ RUN      ] TestSuiteWorldStateFunctionsHaveBall.haveBallFalseRobotNumber
[       OK ] TestSuiteWorldStateFunctionsHaveBall.haveBallFalseRobotNumber (0 ms)
[ RUN      ] TestSuiteWorldStateFunctionsHaveBall.haveBallFalseField
[       OK ] TestSuiteWorldStateFunctionsHaveBall.haveBallFalseField (0 ms)
[ RUN      ] TestSuiteWorldStateFunctionsHaveBall.haveBallFalseInvalid
[       OK ] TestSuiteWorldStateFunctionsHaveBall.haveBallFalseInvalid (0 ms)
[ RUN      ] TestSuiteWorldStateFunctionsHaveBall.haveBallFalseOpponent
[       OK ] TestSuiteWorldStateFunctionsHaveBall.haveBallFalseOpponent (0 ms)
[----------] 5 tests from TestSuiteWorldStateFunctionsHaveBall (0 ms total)

[----------] 5 tests from TestSuiteWorldStateFunctionsBallInArea
[ RUN      ] TestSuiteWorldStateFunctionsBallInArea.ballInAreaTrue
ball check x: 2.000000 
ball check y: 2.000000 
[       OK ] TestSuiteWorldStateFunctionsBallInArea.ballInAreaTrue (0 ms)
[ RUN      ] TestSuiteWorldStateFunctionsBallInArea.ballInAreaFalse
ball check x: 4.000000 
ball check y: 2.000000 
[       OK ] TestSuiteWorldStateFunctionsBallInArea.ballInAreaFalse (0 ms)
[ RUN      ] TestSuiteWorldStateFunctionsBallInArea.ballInAreaBallOnUpperRightEdge
[       OK ] TestSuiteWorldStateFunctionsBallInArea.ballInAreaBallOnUpperRightEdge (0 ms)
[ RUN      ] TestSuiteWorldStateFunctionsBallInArea.ballInAreaBallOnLowerLeftEdge
[       OK ] TestSuiteWorldStateFunctionsBallInArea.ballInAreaBallOnLowerLeftEdge (0 ms)
[ RUN      ] TestSuiteWorldStateFunctionsBallInArea.ballInAreaNoBallSeen
[       OK ] TestSuiteWorldStateFunctionsBallInArea.ballInAreaNoBallSeen (0 ms)
[----------] 5 tests from TestSuiteWorldStateFunctionsBallInArea (0 ms total)

[----------] 4 tests from TestSuiteWorldStateFunctionsTeamMateInArea
[ RUN      ] TestSuiteWorldStateFunctionsTeamMateInArea.TeamMateInAreaFalse
[       OK ] TestSuiteWorldStateFunctionsTeamMateInArea.TeamMateInAreaFalse (0 ms)
[ RUN      ] TestSuiteWorldStateFunctionsTeamMateInArea.TeamMateInAreaMateOnUpperRightEdge
[       OK ] TestSuiteWorldStateFunctionsTeamMateInArea.TeamMateInAreaMateOnUpperRightEdge (0 ms)
[ RUN      ] TestSuiteWorldStateFunctionsTeamMateInArea.TeamMateInAreaMateOnLowerLeftEdge
[       OK ] TestSuiteWorldStateFunctionsTeamMateInArea.TeamMateInAreaMateOnLowerLeftEdge (0 ms)
[ RUN      ] TestSuiteWorldStateFunctionsTeamMateInArea.TeamMateInAreaNoMateSeen
[       OK ] TestSuiteWorldStateFunctionsTeamMateInArea.TeamMateInAreaNoMateSeen (0 ms)
[----------] 4 tests from TestSuiteWorldStateFunctionsTeamMateInArea (0 ms total)

[----------] 3 tests from TestSuiteWorldStateFunctionsIsOwnRobotActive
[ RUN      ] TestSuiteWorldStateFunctionsIsOwnRobotActive.OwnRobotActive
[       OK ] TestSuiteWorldStateFunctionsIsOwnRobotActive.OwnRobotActive (0 ms)
[ RUN      ] TestSuiteWorldStateFunctionsIsOwnRobotActive.OwnRobotNotActive
[       OK ] TestSuiteWorldStateFunctionsIsOwnRobotActive.OwnRobotNotActive (0 ms)
[ RUN      ] TestSuiteWorldStateFunctionsIsOwnRobotActive.NoRobotsActive
[       OK ] TestSuiteWorldStateFunctionsIsOwnRobotActive.NoRobotsActive (0 ms)
[----------] 3 tests from TestSuiteWorldStateFunctionsIsOwnRobotActive (0 ms total)

[----------] 1 test from TestSuiteWorldStateFunctionsClosestToLocationXY
[ RUN      ] TestSuiteWorldStateFunctionsClosestToLocationXY.closestToLocationXY_IamClosest
[       OK ] TestSuiteWorldStateFunctionsClosestToLocationXY.closestToLocationXY_IamClosest (0 ms)
[----------] 1 test from TestSuiteWorldStateFunctionsClosestToLocationXY (0 ms total)

[----------] 3 tests from TestSuiteWorldStateFunctionsClosestToBall
[ RUN      ] TestSuiteWorldStateFunctionsClosestToBall.closestToBall_onlyOwnActive
[       OK ] TestSuiteWorldStateFunctionsClosestToBall.closestToBall_onlyOwnActive (0 ms)
[ RUN      ] TestSuiteWorldStateFunctionsClosestToBall.closestToBall_IamClosest
[       OK ] TestSuiteWorldStateFunctionsClosestToBall.closestToBall_IamClosest (0 ms)
[ RUN      ] TestSuiteWorldStateFunctionsClosestToBall.closestToBall_IamNotClosest
[       OK ] TestSuiteWorldStateFunctionsClosestToBall.closestToBall_IamNotClosest (0 ms)
[----------] 3 tests from TestSuiteWorldStateFunctionsClosestToBall (0 ms total)

[----------] 2 tests from TestSuiteWorldStateFunctionsGetClosestTeamMember
[ RUN      ] TestSuiteWorldStateFunctionsGetClosestTeamMember.closestTeamMember_test1
[       OK ] TestSuiteWorldStateFunctionsGetClosestTeamMember.closestTeamMember_test1 (0 ms)
[ RUN      ] TestSuiteWorldStateFunctionsGetClosestTeamMember.closestTeamMember_test2
[       OK ] TestSuiteWorldStateFunctionsGetClosestTeamMember.closestTeamMember_test2 (0 ms)
[----------] 2 tests from TestSuiteWorldStateFunctionsGetClosestTeamMember (0 ms total)

[----------] 1 test from TestSuiteWorldStateFunctionsgetSortedDistanceListTeammembersToLocationXY
[ RUN      ] TestSuiteWorldStateFunctionsgetSortedDistanceListTeammembersToLocationXY.sortedDistanceListTeammembers_test1
[       OK ] TestSuiteWorldStateFunctionsgetSortedDistanceListTeammembersToLocationXY.sortedDistanceListTeammembers_test1 (0 ms)
[----------] 1 test from TestSuiteWorldStateFunctionsgetSortedDistanceListTeammembersToLocationXY (1 ms total)

[----------] 1 test from TestSuiteWorldStateFunctionsGetClosestOpponent
[ RUN      ] TestSuiteWorldStateFunctionsGetClosestOpponent.closestOpponent_test1
[       OK ] TestSuiteWorldStateFunctionsGetClosestOpponent.closestOpponent_test1 (0 ms)
[----------] 1 test from TestSuiteWorldStateFunctionsGetClosestOpponent (0 ms total)

[----------] 2 tests from TestSuiteWorldStateFunctionsgetSortedDistanceListOpponentsToLocationXY
[ RUN      ] TestSuiteWorldStateFunctionsgetSortedDistanceListOpponentsToLocationXY.sortedDistanceListOpponent_test1
[       OK ] TestSuiteWorldStateFunctionsgetSortedDistanceListOpponentsToLocationXY.sortedDistanceListOpponent_test1 (0 ms)
[ RUN      ] TestSuiteWorldStateFunctionsgetSortedDistanceListOpponentsToLocationXY.sortedDistanceListOpponent_test2
[       OK ] TestSuiteWorldStateFunctionsgetSortedDistanceListOpponentsToLocationXY.sortedDistanceListOpponent_test2 (0 ms)
[----------] 2 tests from TestSuiteWorldStateFunctionsgetSortedDistanceListOpponentsToLocationXY (0 ms total)

[----------] 1 test from TestSuiteWorldStateFunctionsBallPath
[ RUN      ] TestSuiteWorldStateFunctionsBallPath.calcBallPath
[       OK ] TestSuiteWorldStateFunctionsBallPath.calcBallPath (0 ms)
[----------] 1 test from TestSuiteWorldStateFunctionsBallPath (0 ms total)

[----------] Global test environment tear-down
[==========] 28 tests from 11 test cases ran. (1 ms total)
[  PASSED  ] 28 tests.
[ROSUNIT] Outputting test results to /home/robocup/.ros/test_results/teamplay/rostest-cWorldStateFunctionsTest.xml
runTest ... ok
[ROSUNIT]-----------------------------------------------------------------------

[teamplay.rosunit-cWorldStateFunctionsTest/haveBallTrue01][passed]
[teamplay.rosunit-cWorldStateFunctionsTest/haveBallFalseRobotNumber][passed]
[teamplay.rosunit-cWorldStateFunctionsTest/haveBallFalseField][passed]
[teamplay.rosunit-cWorldStateFunctionsTest/haveBallFalseInvalid][passed]
[teamplay.rosunit-cWorldStateFunctionsTest/haveBallFalseOpponent][passed]
[teamplay.rosunit-cWorldStateFunctionsTest/ballInAreaTrue][passed]
[teamplay.rosunit-cWorldStateFunctionsTest/ballInAreaFalse][passed]
[teamplay.rosunit-cWorldStateFunctionsTest/ballInAreaBallOnUpperRightEdge][passed]
[teamplay.rosunit-cWorldStateFunctionsTest/ballInAreaBallOnLowerLeftEdge][passed]
[teamplay.rosunit-cWorldStateFunctionsTest/ballInAreaNoBallSeen][passed]
[teamplay.rosunit-cWorldStateFunctionsTest/TeamMateInAreaFalse][passed]
[teamplay.rosunit-cWorldStateFunctionsTest/TeamMateInAreaMateOnUpperRightEdge][passed]
[teamplay.rosunit-cWorldStateFunctionsTest/TeamMateInAreaMateOnLowerLeftEdge][passed]
[teamplay.rosunit-cWorldStateFunctionsTest/TeamMateInAreaNoMateSeen][passed]
[teamplay.rosunit-cWorldStateFunctionsTest/OwnRobotActive][passed]
[teamplay.rosunit-cWorldStateFunctionsTest/OwnRobotNotActive][passed]
[teamplay.rosunit-cWorldStateFunctionsTest/NoRobotsActive][passed]
[teamplay.rosunit-cWorldStateFunctionsTest/closestToLocationXY_IamClosest][passed]
[teamplay.rosunit-cWorldStateFunctionsTest/closestToBall_onlyOwnActive][passed]
[teamplay.rosunit-cWorldStateFunctionsTest/closestToBall_IamClosest][passed]
[teamplay.rosunit-cWorldStateFunctionsTest/closestToBall_IamNotClosest][passed]
[teamplay.rosunit-cWorldStateFunctionsTest/closestTeamMember_test1][passed]
[teamplay.rosunit-cWorldStateFunctionsTest/closestTeamMember_test2][passed]
[teamplay.rosunit-cWorldStateFunctionsTest/sortedDistanceListTeammembers_test1][passed]
[teamplay.rosunit-cWorldStateFunctionsTest/closestOpponent_test1][passed]
[teamplay.rosunit-cWorldStateFunctionsTest/sortedDistanceListOpponent_test1][passed]
[teamplay.rosunit-cWorldStateFunctionsTest/sortedDistanceListOpponent_test2][passed]
[teamplay.rosunit-cWorldStateFunctionsTest/calcBallPath][passed]

SUMMARY
[32m * RESULT: SUCCESS[0m
 * TESTS: 28
 * ERRORS: 0
 * FAILURES: 0

make[4]: Leaving directory `/home/robocup/falcons/code/packages/teamplay/build'
[100%] Built target test_cWorldStateFunctionsTest
make[4]: Entering directory `/home/robocup/falcons/code/packages/teamplay/build'
make[4]: Leaving directory `/home/robocup/falcons/code/packages/teamplay/build'
make[4]: Entering directory `/home/robocup/falcons/code/packages/teamplay/build'
[==========] Running 1 test from 1 test case.
[----------] Global test environment set-up.
[----------] 1 test from TestSuiteBehaviourDefendLeft
[ RUN      ] TestSuiteBehaviourDefendLeft.defaultReturn
tracer.hpp: writing to /var/tmp/falcons_control_20160418_224053/trace_A0_unknown16500.txt
/home/robocup/falcons/code/packages/teamplay/tst/cBehaviourDefendLeftTest.cpp:60: Failure
Value of: 80
Expected: score
Which is: '\0'
[  FAILED  ] TestSuiteBehaviourDefendLeft.defaultReturn (78 ms)
[----------] 1 test from TestSuiteBehaviourDefendLeft (78 ms total)

[----------] Global test environment tear-down
[==========] 1 test from 1 test case ran. (78 ms total)
[  PASSED  ] 0 tests.
[  FAILED  ] 1 test, listed below:
[  FAILED  ] TestSuiteBehaviourDefendLeft.defaultReturn

 1 FAILED TEST
[ROSUNIT] Outputting test results to /home/robocup/.ros/test_results/teamplay/rostest-cBehaviourDefendLeftTest.xml
runTest ... ok
[ROSUNIT]-----------------------------------------------------------------------

[teamplay.rosunit-cBehaviourDefendLeftTest/defaultReturn][FAILURE]--------------
/home/robocup/falcons/code/packages/teamplay/tst/cBehaviourDefendLeftTest.cpp:60
Value of: 80
Expected: score
Which is: '\0'
--------------------------------------------------------------------------------


SUMMARY
[1;31m * RESULT: FAIL[0m
 * TESTS: 1
 * ERRORS: 0
[1;31m * FAILURES: 1[0m

make[4]: Leaving directory `/home/robocup/falcons/code/packages/teamplay/build'
make[4]: Entering directory `/home/robocup/falcons/code/packages/teamplay/build'
make[4]: Leaving directory `/home/robocup/falcons/code/packages/teamplay/build'
make[4]: Entering directory `/home/robocup/falcons/code/packages/teamplay/build'
[==========] Running 8 tests from 1 test case.
[----------] Global test environment set-up.
[----------] 8 tests from TestSuiteBehaviourGoalkeeper
[ RUN      ] TestSuiteBehaviourGoalkeeper.noBallNoOpponent
tracer.hpp: writing to /var/tmp/falcons_control_20160418_224053/trace_A0_unknown16576.txt
[       OK ] TestSuiteBehaviourGoalkeeper.noBallNoOpponent (101 ms)
[ RUN      ] TestSuiteBehaviourGoalkeeper.noBallOneOpponentBeforeGoal
[       OK ] TestSuiteBehaviourGoalkeeper.noBallOneOpponentBeforeGoal (0 ms)
[ RUN      ] TestSuiteBehaviourGoalkeeper.noBallOneOpponentRightOfGoal
[       OK ] TestSuiteBehaviourGoalkeeper.noBallOneOpponentRightOfGoal (1 ms)
[ RUN      ] TestSuiteBehaviourGoalkeeper.noBallOneOpponentLeftOfGoal
[       OK ] TestSuiteBehaviourGoalkeeper.noBallOneOpponentLeftOfGoal (0 ms)
[ RUN      ] TestSuiteBehaviourGoalkeeper.oneBallBeforeGoal
[       OK ] TestSuiteBehaviourGoalkeeper.oneBallBeforeGoal (0 ms)
[ RUN      ] TestSuiteBehaviourGoalkeeper.oneBallRightOfGoal
[       OK ] TestSuiteBehaviourGoalkeeper.oneBallRightOfGoal (0 ms)
[ RUN      ] TestSuiteBehaviourGoalkeeper.oneBallLeftOfGoal
[       OK ] TestSuiteBehaviourGoalkeeper.oneBallLeftOfGoal (0 ms)
[ RUN      ] TestSuiteBehaviourGoalkeeper.movingBallExtrapolation
[       OK ] TestSuiteBehaviourGoalkeeper.movingBallExtrapolation (0 ms)
[----------] 8 tests from TestSuiteBehaviourGoalkeeper (102 ms total)

[----------] Global test environment tear-down
[==========] 8 tests from 1 test case ran. (102 ms total)
[  PASSED  ] 8 tests.
[ROSUNIT] Outputting test results to /home/robocup/.ros/test_results/teamplay/rostest-cBehaviourGoalkeeperTest.xml
runTest ... ok
[ROSUNIT]-----------------------------------------------------------------------

[teamplay.rosunit-cBehaviourGoalkeeperTest/noBallNoOpponent][passed]
[teamplay.rosunit-cBehaviourGoalkeeperTest/noBallOneOpponentBeforeGoal][passed]
[teamplay.rosunit-cBehaviourGoalkeeperTest/noBallOneOpponentRightOfGoal][passed]
[teamplay.rosunit-cBehaviourGoalkeeperTest/noBallOneOpponentLeftOfGoal][passed]
[teamplay.rosunit-cBehaviourGoalkeeperTest/oneBallBeforeGoal][passed]
[teamplay.rosunit-cBehaviourGoalkeeperTest/oneBallRightOfGoal][passed]
[teamplay.rosunit-cBehaviourGoalkeeperTest/oneBallLeftOfGoal][passed]
[teamplay.rosunit-cBehaviourGoalkeeperTest/movingBallExtrapolation][passed]

SUMMARY
[32m * RESULT: SUCCESS[0m
 * TESTS: 8
 * ERRORS: 0
 * FAILURES: 0

make[4]: Leaving directory `/home/robocup/falcons/code/packages/teamplay/build'
[100%] Built target test_cBehaviourGoalkeeperTest
make[4]: Entering directory `/home/robocup/falcons/code/packages/teamplay/build'
make[4]: Leaving directory `/home/robocup/falcons/code/packages/teamplay/build'
make[4]: Entering directory `/home/robocup/falcons/code/packages/teamplay/build'
[==========] Running 5 tests from 1 test case.
[----------] Global test environment set-up.
[----------] 5 tests from TestSuiteBehaviourGoToBall
[ RUN      ] TestSuiteBehaviourGoToBall.noBall
tracer.hpp: writing to /var/tmp/falcons_control_20160418_224053/trace_A0_unknown16654.txt
[       OK ] TestSuiteBehaviourGoToBall.noBall (77 ms)
[ RUN      ] TestSuiteBehaviourGoToBall.oneBallNoTeamMembers
[       OK ] TestSuiteBehaviourGoToBall.oneBallNoTeamMembers (0 ms)
[ RUN      ] TestSuiteBehaviourGoToBall.oneBallTeamMemberCloser
[       OK ] TestSuiteBehaviourGoToBall.oneBallTeamMemberCloser (0 ms)
[ RUN      ] TestSuiteBehaviourGoToBall.oneBallAllTeammembersCloser
[       OK ] TestSuiteBehaviourGoToBall.oneBallAllTeammembersCloser (1 ms)
[ RUN      ] TestSuiteBehaviourGoToBall.oneBallTwoTeammembersCloser
[       OK ] TestSuiteBehaviourGoToBall.oneBallTwoTeammembersCloser (0 ms)
[----------] 5 tests from TestSuiteBehaviourGoToBall (78 ms total)

[----------] Global test environment tear-down
[==========] 5 tests from 1 test case ran. (78 ms total)
[  PASSED  ] 5 tests.
[ROSUNIT] Outputting test results to /home/robocup/.ros/test_results/teamplay/rostest-cBehaviourGoToBallTest.xml
runTest ... ok
[ROSUNIT]-----------------------------------------------------------------------

[teamplay.rosunit-cBehaviourGoToBallTest/noBall][passed]
[teamplay.rosunit-cBehaviourGoToBallTest/oneBallNoTeamMembers][passed]
[teamplay.rosunit-cBehaviourGoToBallTest/oneBallTeamMemberCloser][passed]
[teamplay.rosunit-cBehaviourGoToBallTest/oneBallAllTeammembersCloser][passed]
[teamplay.rosunit-cBehaviourGoToBallTest/oneBallTwoTeammembersCloser][passed]

SUMMARY
[32m * RESULT: SUCCESS[0m
 * TESTS: 5
 * ERRORS: 0
 * FAILURES: 0

make[4]: Leaving directory `/home/robocup/falcons/code/packages/teamplay/build'
[100%] Built target test_cBehaviourGoToBallTest
make[4]: Entering directory `/home/robocup/falcons/code/packages/teamplay/build'
make[4]: Leaving directory `/home/robocup/falcons/code/packages/teamplay/build'
make[4]: Entering directory `/home/robocup/falcons/code/packages/teamplay/build'
[==========] Running 4 tests from 1 test case.
[----------] Global test environment set-up.
[----------] 4 tests from TestSuiteBehaviourReceivePass
[ RUN      ] TestSuiteBehaviourReceivePass.noBall
tracer.hpp: writing to /var/tmp/falcons_control_20160418_224053/trace_A0_unknown16732.txt
[       OK ] TestSuiteBehaviourReceivePass.noBall (77 ms)
[ RUN      ] TestSuiteBehaviourReceivePass.InterceptPossible
[       OK ] TestSuiteBehaviourReceivePass.InterceptPossible (0 ms)
[ RUN      ] TestSuiteBehaviourReceivePass.InterceptNotPossible
[       OK ] TestSuiteBehaviourReceivePass.InterceptNotPossible (0 ms)
[ RUN      ] TestSuiteBehaviourReceivePass.InterceptPossibleTeamMemberCloser
[       OK ] TestSuiteBehaviourReceivePass.InterceptPossibleTeamMemberCloser (0 ms)
[----------] 4 tests from TestSuiteBehaviourReceivePass (77 ms total)

[----------] Global test environment tear-down
[==========] 4 tests from 1 test case ran. (77 ms total)
[  PASSED  ] 4 tests.
[ROSUNIT] Outputting test results to /home/robocup/.ros/test_results/teamplay/rostest-cBehaviourReceivePassTest.xml
runTest ... ok
[ROSUNIT]-----------------------------------------------------------------------

[teamplay.rosunit-cBehaviourReceivePassTest/noBall][passed]
[teamplay.rosunit-cBehaviourReceivePassTest/InterceptPossible][passed]
[teamplay.rosunit-cBehaviourReceivePassTest/InterceptNotPossible][passed]
[teamplay.rosunit-cBehaviourReceivePassTest/InterceptPossibleTeamMemberCloser][passed]

SUMMARY
[32m * RESULT: SUCCESS[0m
 * TESTS: 4
 * ERRORS: 0
 * FAILURES: 0

make[4]: Leaving directory `/home/robocup/falcons/code/packages/teamplay/build'
[100%] Built target test_cBehaviourReceivePassTest
make[4]: Entering directory `/home/robocup/falcons/code/packages/teamplay/build'
make[4]: Leaving directory `/home/robocup/falcons/code/packages/teamplay/build'
make[4]: Entering directory `/home/robocup/falcons/code/packages/teamplay/build'
[==========] Running 1 test from 1 test case.
[----------] Global test environment set-up.
[----------] 1 test from ActionMove
[ RUN      ] ActionMove.StraightTo
[       OK ] ActionMove.StraightTo (254 ms)
[----------] 1 test from ActionMove (254 ms total)

[----------] Global test environment tear-down
[==========] 1 test from 1 test case ran. (254 ms total)
[  PASSED  ] 1 test.
[ROSUNIT] Outputting test results to /home/robocup/.ros/test_results/teamplay/rostest-actionMoveTest.xml
runTest ... ok
[ROSUNIT]-----------------------------------------------------------------------

[teamplay.rosunit-actionMoveTest/StraightTo][passed]

SUMMARY
[32m * RESULT: SUCCESS[0m
 * TESTS: 1
 * ERRORS: 0
 * FAILURES: 0

make[4]: Leaving directory `/home/robocup/falcons/code/packages/teamplay/build'
[100%] Built target test_actionMoveTest
make[4]: Entering directory `/home/robocup/falcons/code/packages/teamplay/build'
make[4]: Leaving directory `/home/robocup/falcons/code/packages/teamplay/build'
make[4]: Entering directory `/home/robocup/falcons/code/packages/teamplay/build'
tracer.hpp: writing to /var/tmp/falcons_control_20160418_224053/trace_A0_unknown16852.txt
[==========] Running 2 tests from 1 test case.
[----------] Global test environment set-up.
[----------] 2 tests from PathPlanningInterface
[ RUN      ] PathPlanningInterface.TestGetSetActive
[       OK ] PathPlanningInterface.TestGetSetActive (6 ms)
[ RUN      ] PathPlanningInterface.TestMove
[       OK ] PathPlanningInterface.TestMove (2006 ms)
[----------] 2 tests from PathPlanningInterface (2012 ms total)

[----------] Global test environment tear-down
[==========] 2 tests from 1 test case ran. (2012 ms total)
[  PASSED  ] 2 tests.
[ROSUNIT] Outputting test results to /home/robocup/.ros/test_results/teamplay/rostest-pathPlanningInterfaceTest.xml
runTest ... ok
[ROSUNIT]-----------------------------------------------------------------------

[teamplay.rosunit-pathPlanningInterfaceTest/TestGetSetActive][passed]
[teamplay.rosunit-pathPlanningInterfaceTest/TestMove][passed]

SUMMARY
[32m * RESULT: SUCCESS[0m
 * TESTS: 2
 * ERRORS: 0
 * FAILURES: 0

make[4]: Leaving directory `/home/robocup/falcons/code/packages/teamplay/build'
[100%] Built target test_pathPlanningInterfaceTest
make[4]: Entering directory `/home/robocup/falcons/code/packages/teamplay/build'
make[4]: Leaving directory `/home/robocup/falcons/code/packages/teamplay/build'
make[4]: Entering directory `/home/robocup/falcons/code/packages/teamplay/build'
[==========] Running 9 tests from 1 test case.
[----------] Global test environment set-up.
[----------] 9 tests from RosAdapterTeamplay
[ RUN      ] RosAdapterTeamplay.Park
tracer.hpp: writing to /var/tmp/falcons_control_20160418_224053/trace_A0_unknown16976.txt
[       OK ] RosAdapterTeamplay.Park (91 ms)
[ RUN      ] RosAdapterTeamplay.SetOrientationLeftToRight
[       OK ] RosAdapterTeamplay.SetOrientationLeftToRight (10 ms)
[ RUN      ] RosAdapterTeamplay.SetOrientationRightToLeft
[       OK ] RosAdapterTeamplay.SetOrientationRightToLeft (9 ms)
[ RUN      ] RosAdapterTeamplay.SetOrientationWithIllegalParameter
Environment variable SIMULATED not found.
Environment variable SIMULATED not found.
[       OK ] RosAdapterTeamplay.SetOrientationWithIllegalParameter (10 ms)
[ RUN      ] RosAdapterTeamplay.Stop
[       OK ] RosAdapterTeamplay.Stop (9 ms)
[ RUN      ] RosAdapterTeamplay.IsActive
[       OK ] RosAdapterTeamplay.IsActive (9 ms)
[ RUN      ] RosAdapterTeamplay.IsNotActive
[       OK ] RosAdapterTeamplay.IsNotActive (8 ms)
[ RUN      ] RosAdapterTeamplay.SetActive
[       OK ] RosAdapterTeamplay.SetActive (9 ms)
[ RUN      ] RosAdapterTeamplay.SetPassive
[       OK ] RosAdapterTeamplay.SetPassive (8 ms)
[----------] 9 tests from RosAdapterTeamplay (163 ms total)

[----------] Global test environment tear-down
[==========] 9 tests from 1 test case ran. (164 ms total)
[  PASSED  ] 9 tests.
[ROSUNIT] Outputting test results to /home/robocup/.ros/test_results/teamplay/rostest-cRosAdapterTeamplayTest.xml
runTest ... ok
[ROSUNIT]-----------------------------------------------------------------------

[teamplay.rosunit-cRosAdapterTeamplayTest/Park][passed]
[teamplay.rosunit-cRosAdapterTeamplayTest/SetOrientationLeftToRight][passed]
[teamplay.rosunit-cRosAdapterTeamplayTest/SetOrientationRightToLeft][passed]
[teamplay.rosunit-cRosAdapterTeamplayTest/SetOrientationWithIllegalParameter][passed]
[teamplay.rosunit-cRosAdapterTeamplayTest/Stop][passed]
[teamplay.rosunit-cRosAdapterTeamplayTest/IsActive][passed]
[teamplay.rosunit-cRosAdapterTeamplayTest/IsNotActive][passed]
[teamplay.rosunit-cRosAdapterTeamplayTest/SetActive][passed]
[teamplay.rosunit-cRosAdapterTeamplayTest/SetPassive][passed]

SUMMARY
[32m * RESULT: SUCCESS[0m
 * TESTS: 9
 * ERRORS: 0
 * FAILURES: 0

make[4]: Leaving directory `/home/robocup/falcons/code/packages/teamplay/build'
[100%] Built target test_cRosAdapterTeamplayTest
make[4]: Entering directory `/home/robocup/falcons/code/packages/teamplay/build'
make[4]: Leaving directory `/home/robocup/falcons/code/packages/teamplay/build'
make[4]: Entering directory `/home/robocup/falcons/code/packages/teamplay/build'
tracer.hpp: writing to /var/tmp/falcons_control_20160418_224053/trace_A0_unknown17184.txt
[==========] Running 4 tests from 1 test case.
[----------] Global test environment set-up.
[----------] 4 tests from ShootPlanningInterface
[ RUN      ] ShootPlanningInterface.TestGetSetActive
[       OK ] ShootPlanningInterface.TestGetSetActive (9 ms)
[ RUN      ] ShootPlanningInterface.TestPass
[       OK ] ShootPlanningInterface.TestPass (1 ms)
[ RUN      ] ShootPlanningInterface.TestSelfPass
[       OK ] ShootPlanningInterface.TestSelfPass (0 ms)
[ RUN      ] ShootPlanningInterface.TestShoot
[       OK ] ShootPlanningInterface.TestShoot (0 ms)
[----------] 4 tests from ShootPlanningInterface (10 ms total)

[----------] Global test environment tear-down
[==========] 4 tests from 1 test case ran. (10 ms total)
[  PASSED  ] 4 tests.
[ROSUNIT] Outputting test results to /home/robocup/.ros/test_results/teamplay/rostest-cShootPlanningInterfaceTest.xml
runTest ... ok
[ROSUNIT]-----------------------------------------------------------------------

[teamplay.rosunit-cShootPlanningInterfaceTest/TestGetSetActive][passed]
[teamplay.rosunit-cShootPlanningInterfaceTest/TestPass][passed]
[teamplay.rosunit-cShootPlanningInterfaceTest/TestSelfPass][passed]
[teamplay.rosunit-cShootPlanningInterfaceTest/TestShoot][passed]

SUMMARY
[32m * RESULT: SUCCESS[0m
 * TESTS: 4
 * ERRORS: 0
 * FAILURES: 0

make[4]: Leaving directory `/home/robocup/falcons/code/packages/teamplay/build'
[100%] Built target test_cShootPlanningInterfaceTest
make[4]: Entering directory `/home/robocup/falcons/code/packages/teamplay/build'
make[4]: Leaving directory `/home/robocup/falcons/code/packages/teamplay/build'
make[4]: Entering directory `/home/robocup/falcons/code/packages/teamplay/build'
tracer.hpp: writing to /var/tmp/falcons_control_20160418_224053/trace_A0_unknown17294.txt
[==========] Running 7 tests from 1 test case.
[----------] Global test environment set-up.
[----------] 7 tests from WorldModelInterfaceAdapter
[ RUN      ] WorldModelInterfaceAdapter.TestOwnLocation
[       OK ] WorldModelInterfaceAdapter.TestOwnLocation (15 ms)
[ RUN      ] WorldModelInterfaceAdapter.TestTeammembers
[       OK ] WorldModelInterfaceAdapter.TestTeammembers (2 ms)
[ RUN      ] WorldModelInterfaceAdapter.TestOpponents
[       OK ] WorldModelInterfaceAdapter.TestOpponents (2 ms)
[ RUN      ] WorldModelInterfaceAdapter.TestBallLocation
[       OK ] WorldModelInterfaceAdapter.TestBallLocation (3 ms)
[ RUN      ] WorldModelInterfaceAdapter.TestBallPossession
[       OK ] WorldModelInterfaceAdapter.TestBallPossession (2 ms)
[ RUN      ] WorldModelInterfaceAdapter.TestLastKnownBallLocation
[       OK ] WorldModelInterfaceAdapter.TestLastKnownBallLocation (3 ms)
[ RUN      ] WorldModelInterfaceAdapter.TestActiveRobots
[       OK ] WorldModelInterfaceAdapter.TestActiveRobots (3 ms)
[----------] 7 tests from WorldModelInterfaceAdapter (31 ms total)

[----------] Global test environment tear-down
[==========] 7 tests from 1 test case ran. (31 ms total)
[  PASSED  ] 7 tests.
[ROSUNIT] Outputting test results to /home/robocup/.ros/test_results/teamplay/rostest-cWorldModelInterfaceTest.xml
runTest ... ok
[ROSUNIT]-----------------------------------------------------------------------

[teamplay.rosunit-cWorldModelInterfaceTest/TestOwnLocation][passed]
[teamplay.rosunit-cWorldModelInterfaceTest/TestTeammembers][passed]
[teamplay.rosunit-cWorldModelInterfaceTest/TestOpponents][passed]
[teamplay.rosunit-cWorldModelInterfaceTest/TestBallLocation][passed]
[teamplay.rosunit-cWorldModelInterfaceTest/TestBallPossession][passed]
[teamplay.rosunit-cWorldModelInterfaceTest/TestLastKnownBallLocation][passed]
[teamplay.rosunit-cWorldModelInterfaceTest/TestActiveRobots][passed]

SUMMARY
[32m * RESULT: SUCCESS[0m
 * TESTS: 7
 * ERRORS: 0
 * FAILURES: 0

make[4]: Leaving directory `/home/robocup/falcons/code/packages/teamplay/build'
[100%] Built target test_cWorldModelInterfaceTest
make[4]: Entering directory `/home/robocup/falcons/code/packages/teamplay/build'
make[4]: Leaving directory `/home/robocup/falcons/code/packages/teamplay/build'
make[4]: Entering directory `/home/robocup/falcons/code/packages/teamplay/build'
[==========] Running 2 tests from 2 test cases.
[----------] Global test environment set-up.
[----------] 1 test from TestSuiteGameStateManagerNEUTRAL_STOPPED_FREE_KICK_OWN
[ RUN      ] TestSuiteGameStateManagerNEUTRAL_STOPPED_FREE_KICK_OWN.OWN_FREEKICK_PREPARETrue
[       OK ] TestSuiteGameStateManagerNEUTRAL_STOPPED_FREE_KICK_OWN.OWN_FREEKICK_PREPARETrue (42 ms)
[----------] 1 test from TestSuiteGameStateManagerNEUTRAL_STOPPED_FREE_KICK_OWN (42 ms total)

[----------] 1 test from TestSuiteGameStateManagerNEUTRAL_STOPPED_KICKOFF_OPP_START
[ RUN      ] TestSuiteGameStateManagerNEUTRAL_STOPPED_KICKOFF_OPP_START.OPP_KICKOFF_EXECUTETrue
[       OK ] TestSuiteGameStateManagerNEUTRAL_STOPPED_KICKOFF_OPP_START.OPP_KICKOFF_EXECUTETrue (0 ms)
[----------] 1 test from TestSuiteGameStateManagerNEUTRAL_STOPPED_KICKOFF_OPP_START (0 ms total)

[----------] Global test environment tear-down
[==========] 2 tests from 2 test cases ran. (42 ms total)
[  PASSED  ] 2 tests.
[ROSUNIT] Outputting test results to /home/robocup/.ros/test_results/teamplay/rostest-cGameStateManagerTest.xml
runTest ... ok
[ROSUNIT]-----------------------------------------------------------------------

[teamplay.rosunit-cGameStateManagerTest/OWN_FREEKICK_PREPARETrue][passed]
[teamplay.rosunit-cGameStateManagerTest/OPP_KICKOFF_EXECUTETrue][passed]

SUMMARY
[32m * RESULT: SUCCESS[0m
 * TESTS: 2
 * ERRORS: 0
 * FAILURES: 0

make[4]: Leaving directory `/home/robocup/falcons/code/packages/teamplay/build'
[100%] Built target test_cGameStateManagerTest
make[4]: Entering directory `/home/robocup/falcons/code/packages/teamplay/build'
make[4]: Leaving directory `/home/robocup/falcons/code/packages/teamplay/build'
make[4]: Entering directory `/home/robocup/falcons/code/packages/teamplay/build'
[==========] Running 2 tests from 1 test case.
[----------] Global test environment set-up.
[----------] 2 tests from roleManager
[ RUN      ] roleManager.testClassInstantiation
[       OK ] roleManager.testClassInstantiation (3 ms)
[ RUN      ] roleManager.testKickoffGoalKeeper
[       OK ] roleManager.testKickoffGoalKeeper (1 ms)
[----------] 2 tests from roleManager (4 ms total)

[----------] Global test environment tear-down
[==========] 2 tests from 1 test case ran. (4 ms total)
[  PASSED  ] 2 tests.
[ROSUNIT] Outputting test results to /home/robocup/.ros/test_results/teamplay/rostest-cRoleManagerTest.xml
runTest ... ok
[ROSUNIT]-----------------------------------------------------------------------

[teamplay.rosunit-cRoleManagerTest/testClassInstantiation][passed]
[teamplay.rosunit-cRoleManagerTest/testKickoffGoalKeeper][passed]

SUMMARY
[32m * RESULT: SUCCESS[0m
 * TESTS: 2
 * ERRORS: 0
 * FAILURES: 0

make[4]: Leaving directory `/home/robocup/falcons/code/packages/teamplay/build'
[100%] Built target test_cRoleManagerTest
make[3]: Leaving directory `/home/robocup/falcons/code/packages/teamplay/build'
make[2]: Leaving directory `/home/robocup/falcons/code/packages/teamplay/build'
make[1]: Leaving directory `/home/robocup/falcons/code/packages/teamplay/build'
make[1]: Entering directory `/home/robocup/falcons/code/packages/teamplay/build'
make[2]: Entering directory `/home/robocup/falcons/code/packages/teamplay/build'
make[3]: Entering directory `/home/robocup/falcons/code/packages/teamplay/build'
make[4]: Entering directory `/home/robocup/falcons/code/packages/teamplay/build'
make[4]: Leaving directory `/home/robocup/falcons/code/packages/teamplay/build'
make[4]: Entering directory `/home/robocup/falcons/code/packages/teamplay/build'
Checking for test results in /home/robocup/.ros/test_results/teamplay/rostest-cObjectPathTest.xml
make[4]: Leaving directory `/home/robocup/falcons/code/packages/teamplay/build'
Built target cObjectPathTest_result
make[4]: Entering directory `/home/robocup/falcons/code/packages/teamplay/build'
make[4]: Leaving directory `/home/robocup/falcons/code/packages/teamplay/build'
make[4]: Entering directory `/home/robocup/falcons/code/packages/teamplay/build'
Checking for test results in /home/robocup/.ros/test_results/teamplay/rostest-cWorldStateFunctionsTest.xml
make[4]: Leaving directory `/home/robocup/falcons/code/packages/teamplay/build'
Built target cWorldStateFunctionsTest_result
make[4]: Entering directory `/home/robocup/falcons/code/packages/teamplay/build'
make[4]: Leaving directory `/home/robocup/falcons/code/packages/teamplay/build'
make[4]: Entering directory `/home/robocup/falcons/code/packages/teamplay/build'
Checking for test results in /home/robocup/.ros/test_results/teamplay/rostest-cBehaviourDefendLeftTest.xml
make[4]: Leaving directory `/home/robocup/falcons/code/packages/teamplay/build'
Built target cBehaviourDefendLeftTest_result
make[4]: Entering directory `/home/robocup/falcons/code/packages/teamplay/build'
make[4]: Leaving directory `/home/robocup/falcons/code/packages/teamplay/build'
make[4]: Entering directory `/home/robocup/falcons/code/packages/teamplay/build'
Checking for test results in /home/robocup/.ros/test_results/teamplay/rostest-cBehaviourGoalkeeperTest.xml
make[4]: Leaving directory `/home/robocup/falcons/code/packages/teamplay/build'
Built target cBehaviourGoalkeeperTest_result
make[4]: Entering directory `/home/robocup/falcons/code/packages/teamplay/build'
make[4]: Leaving directory `/home/robocup/falcons/code/packages/teamplay/build'
make[4]: Entering directory `/home/robocup/falcons/code/packages/teamplay/build'
Checking for test results in /home/robocup/.ros/test_results/teamplay/rostest-cBehaviourGoToBallTest.xml
make[4]: Leaving directory `/home/robocup/falcons/code/packages/teamplay/build'
Built target cBehaviourGoToBallTest_result
make[4]: Entering directory `/home/robocup/falcons/code/packages/teamplay/build'
make[4]: Leaving directory `/home/robocup/falcons/code/packages/teamplay/build'
make[4]: Entering directory `/home/robocup/falcons/code/packages/teamplay/build'
Checking for test results in /home/robocup/.ros/test_results/teamplay/rostest-cBehaviourReceivePassTest.xml
make[4]: Leaving directory `/home/robocup/falcons/code/packages/teamplay/build'
Built target cBehaviourReceivePassTest_result
make[4]: Entering directory `/home/robocup/falcons/code/packages/teamplay/build'
make[4]: Leaving directory `/home/robocup/falcons/code/packages/teamplay/build'
make[4]: Entering directory `/home/robocup/falcons/code/packages/teamplay/build'
Checking for test results in /home/robocup/.ros/test_results/teamplay/rostest-actionMoveTest.xml
make[4]: Leaving directory `/home/robocup/falcons/code/packages/teamplay/build'
Built target actionMoveTest_result
make[4]: Entering directory `/home/robocup/falcons/code/packages/teamplay/build'
make[4]: Leaving directory `/home/robocup/falcons/code/packages/teamplay/build'
make[4]: Entering directory `/home/robocup/falcons/code/packages/teamplay/build'
Checking for test results in /home/robocup/.ros/test_results/teamplay/rostest-pathPlanningInterfaceTest.xml
make[4]: Leaving directory `/home/robocup/falcons/code/packages/teamplay/build'
Built target pathPlanningInterfaceTest_result
make[4]: Entering directory `/home/robocup/falcons/code/packages/teamplay/build'
make[4]: Leaving directory `/home/robocup/falcons/code/packages/teamplay/build'
make[4]: Entering directory `/home/robocup/falcons/code/packages/teamplay/build'
Checking for test results in /home/robocup/.ros/test_results/teamplay/rostest-cRosAdapterTeamplayTest.xml
make[4]: Leaving directory `/home/robocup/falcons/code/packages/teamplay/build'
Built target cRosAdapterTeamplayTest_result
make[4]: Entering directory `/home/robocup/falcons/code/packages/teamplay/build'
make[4]: Leaving directory `/home/robocup/falcons/code/packages/teamplay/build'
make[4]: Entering directory `/home/robocup/falcons/code/packages/teamplay/build'
Checking for test results in /home/robocup/.ros/test_results/teamplay/rostest-cShootPlanningInterfaceTest.xml
make[4]: Leaving directory `/home/robocup/falcons/code/packages/teamplay/build'
Built target cShootPlanningInterfaceTest_result
make[4]: Entering directory `/home/robocup/falcons/code/packages/teamplay/build'
make[4]: Leaving directory `/home/robocup/falcons/code/packages/teamplay/build'
make[4]: Entering directory `/home/robocup/falcons/code/packages/teamplay/build'
Checking for test results in /home/robocup/.ros/test_results/teamplay/rostest-cWorldModelInterfaceTest.xml
make[4]: Leaving directory `/home/robocup/falcons/code/packages/teamplay/build'
Built target cWorldModelInterfaceTest_result
make[4]: Entering directory `/home/robocup/falcons/code/packages/teamplay/build'
make[4]: Leaving directory `/home/robocup/falcons/code/packages/teamplay/build'
make[4]: Entering directory `/home/robocup/falcons/code/packages/teamplay/build'
Checking for test results in /home/robocup/.ros/test_results/teamplay/rostest-cGameStateManagerTest.xml
make[4]: Leaving directory `/home/robocup/falcons/code/packages/teamplay/build'
Built target cGameStateManagerTest_result
make[4]: Entering directory `/home/robocup/falcons/code/packages/teamplay/build'
make[4]: Leaving directory `/home/robocup/falcons/code/packages/teamplay/build'
make[4]: Entering directory `/home/robocup/falcons/code/packages/teamplay/build'
Checking for test results in /home/robocup/.ros/test_results/teamplay/rostest-cRoleManagerTest.xml
make[4]: Leaving directory `/home/robocup/falcons/code/packages/teamplay/build'
Built target cRoleManagerTest_result
make[4]: Entering directory `/home/robocup/falcons/code/packages/teamplay/build'
make[4]: Leaving directory `/home/robocup/falcons/code/packages/teamplay/build'
Built target test-results-run
make[4]: Entering directory `/home/robocup/falcons/code/packages/teamplay/build'
make[4]: Leaving directory `/home/robocup/falcons/code/packages/teamplay/build'
make[4]: Entering directory `/home/robocup/falcons/code/packages/teamplay/build'
--------------------------------------------------------------------------------
[1m[AGGREGATED TEST RESULTS SUMMARY][0m

ERRORS/FAILURES:
[teamplay.rosunit-cBehaviourDefendLeftTest/defaultReturn][FAILURE]--------------
/home/robocup/falcons/code/packages/teamplay/tst/cBehaviourDefendLeftTest.cpp:60
Value of: 80
Expected: score
Which is: '\0'
--------------------------------------------------------------------------------

PACKAGES: 
 * teamplay


SUMMARY
[1;31m * RESULT: FAIL[0m
 * TESTS: 90
 * ERRORS: 0
[1;31m * FAILURES: 1[0m

make[4]: Leaving directory `/home/robocup/falcons/code/packages/teamplay/build'
make[3]: Leaving directory `/home/robocup/falcons/code/packages/teamplay/build'
make[2]: Leaving directory `/home/robocup/falcons/code/packages/teamplay/build'
make[1]: Leaving directory `/home/robocup/falcons/code/packages/teamplay/build'
